<?xml version="1.0" encoding="UTF-8"?>
<!-- Generated by org.testng.reporters.JUnitReportReporter -->
<testsuite hostname="DESKTOP-52D5HFG" failures="0" tests="1" name="demo.Sunday" time="0.012" errors="0" timestamp="2022-10-30T20:27:11 IST" skipped="0">
  <testcase classname="demo.Sunday" name="display" time="0.012"/>
  <system-out/>
</testsuite> <!-- demo.Sunday -->
